# JRE version: Java(TM) SE Runtime Environment (21.0.4+8) (build 21.0.4+8-LTS-274)
# Java VM: Java HotSpot(TM) 64-Bit Server VM (21.0.4+8-LTS-274, mixed mode, sharing, tiered, compressed oops, compressed class ptrs, g1 gc, windows-amd64)
GC Precious Log:
 CardTable entry size: 512
 Card Set container configuration: InlinePtr #cards 4 size 8 Array Of Cards #cards 16 size 48 Howl #buckets 8 coarsen threshold 3686 Howl Bitmap #cards 512 size 80 coarsen threshold 460 Card regions per heap region 1 cards per card region 4096
 CPUs: 8 total, 8 available
 Memory: 16064M
 Large Page Support: Disabled
 NUMA Support: Disabled
 Compressed Oops: Enabled (Zero based)
 Heap Region Size: 2M
 Heap Min Capacity: 8M
 Heap Initial Capacity: 252M
 Heap Max Capacity: 4018M
 Pre-touch: Disabled
 Parallel Workers: 8
 Concurrent Workers: 2
 Concurrent Refinement Workers: 8
 Periodic GC: Disabled
Heap:
 garbage-first heap   total 98304K, used 47837K [0x0000000704e00000, 0x0000000800000000)
  region size 2048K, 5 young (10240K), 3 survivors (6144K)
 Metaspace       used 34838K, committed 35584K, reserved 1114112K
  class space    used 4302K, committed 4672K, reserved 1048576K
GC Heap History (20 events):
Event: 672.282 GC heap before
{Heap before GC invocations=47 (full 0):
 garbage-first heap   total 98304K, used 86809K [0x0000000704e00000, 0x0000000800000000)
  region size 2048K, 26 young (53248K), 1 survivors (2048K)
 Metaspace       used 34260K, committed 34944K, reserved 1114112K
  class space    used 4246K, committed 4544K, reserved 1048576K
}
Event: 672.284 GC heap after
{Heap after GC invocations=48 (full 0):
 garbage-first heap   total 98304K, used 37574K [0x0000000704e00000, 0x0000000800000000)
  region size 2048K, 1 young (2048K), 1 survivors (2048K)
 Metaspace       used 34260K, committed 34944K, reserved 1114112K
  class space    used 4246K, committed 4544K, reserved 1048576K
}
Event: 680.433 GC heap before
{Heap before GC invocations=48 (full 0):
 garbage-first heap   total 98304K, used 86726K [0x0000000704e00000, 0x0000000800000000)
  region size 2048K, 26 young (53248K), 1 survivors (2048K)
 Metaspace       used 34260K, committed 34944K, reserved 1114112K
  class space    used 4246K, committed 4544K, reserved 1048576K
}
Event: 680.436 GC heap after
{Heap after GC invocations=49 (full 0):
 garbage-first heap   total 98304K, used 37725K [0x0000000704e00000, 0x0000000800000000)
  region size 2048K, 1 young (2048K), 1 survivors (2048K)
 Metaspace       used 34260K, committed 34944K, reserved 1114112K
  class space    used 4246K, committed 4544K, reserved 1048576K
}
Event: 689.905 GC heap before
{Heap before GC invocations=49 (full 0):
 garbage-first heap   total 98304K, used 86877K [0x0000000704e00000, 0x0000000800000000)
  region size 2048K, 26 young (53248K), 1 survivors (2048K)
 Metaspace       used 34260K, committed 34944K, reserved 1114112K
  class space    used 4246K, committed 4544K, reserved 1048576K
}
Event: 689.907 GC heap after
{Heap after GC invocations=50 (full 0):
 garbage-first heap   total 98304K, used 37800K [0x0000000704e00000, 0x0000000800000000)
  region size 2048K, 1 young (2048K), 1 survivors (2048K)
 Metaspace       used 34260K, committed 34944K, reserved 1114112K
  class space    used 4246K, committed 4544K, reserved 1048576K
}
Event: 701.508 GC heap before
{Heap before GC invocations=50 (full 0):
 garbage-first heap   total 98304K, used 84904K [0x0000000704e00000, 0x0000000800000000)
  region size 2048K, 25 young (51200K), 1 survivors (2048K)
 Metaspace       used 34260K, committed 34944K, reserved 1114112K
  class space    used 4246K, committed 4544K, reserved 1048576K
}
Event: 701.509 GC heap after
{Heap after GC invocations=51 (full 0):
 garbage-first heap   total 98304K, used 37723K [0x0000000704e00000, 0x0000000800000000)
  region size 2048K, 1 young (2048K), 1 survivors (2048K)
 Metaspace       used 34260K, committed 34944K, reserved 1114112K
  class space    used 4246K, committed 4544K, reserved 1048576K
}
Event: 713.867 GC heap before
{Heap before GC invocations=51 (full 0):
 garbage-first heap   total 98304K, used 84827K [0x0000000704e00000, 0x0000000800000000)
  region size 2048K, 25 young (51200K), 1 survivors (2048K)
 Metaspace       used 34260K, committed 34944K, reserved 1114112K
  class space    used 4246K, committed 4544K, reserved 1048576K
}
Event: 713.869 GC heap after
{Heap after GC invocations=52 (full 0):
 garbage-first heap   total 98304K, used 37745K [0x0000000704e00000, 0x0000000800000000)
  region size 2048K, 1 young (2048K), 1 survivors (2048K)
 Metaspace       used 34260K, committed 34944K, reserved 1114112K
  class space    used 4246K, committed 4544K, reserved 1048576K
}
Event: 746.332 GC heap before
{Heap before GC invocations=52 (full 0):
 garbage-first heap   total 98304K, used 84849K [0x0000000704e00000, 0x0000000800000000)
  region size 2048K, 25 young (51200K), 1 survivors (2048K)
 Metaspace       used 34265K, committed 34944K, reserved 1114112K
  class space    used 4246K, committed 4544K, reserved 1048576K
}
Event: 746.334 GC heap after
{Heap after GC invocations=53 (full 0):
 garbage-first heap   total 98304K, used 38202K [0x0000000704e00000, 0x0000000800000000)
  region size 2048K, 1 young (2048K), 1 survivors (2048K)
 Metaspace       used 34265K, committed 34944K, reserved 1114112K
  class space    used 4246K, committed 4544K, reserved 1048576K
}
Event: 791.712 GC heap before
{Heap before GC invocations=53 (full 0):
 garbage-first heap   total 98304K, used 85306K [0x0000000704e00000, 0x0000000800000000)
  region size 2048K, 25 young (51200K), 1 survivors (2048K)
 Metaspace       used 34383K, committed 35008K, reserved 1114112K
  class space    used 4252K, committed 4544K, reserved 1048576K
}
Event: 791.743 GC heap after
{Heap after GC invocations=54 (full 0):
 garbage-first heap   total 98304K, used 41636K [0x0000000704e00000, 0x0000000800000000)
  region size 2048K, 3 young (6144K), 3 survivors (6144K)
 Metaspace       used 34383K, committed 35008K, reserved 1114112K
  class space    used 4252K, committed 4544K, reserved 1048576K
}
Event: 842.188 GC heap before
{Heap before GC invocations=54 (full 0):
 garbage-first heap   total 98304K, used 82596K [0x0000000704e00000, 0x0000000800000000)
  region size 2048K, 23 young (47104K), 3 survivors (6144K)
 Metaspace       used 34446K, committed 35072K, reserved 1114112K
  class space    used 4252K, committed 4544K, reserved 1048576K
}
Event: 842.220 GC heap after
{Heap after GC invocations=55 (full 0):
 garbage-first heap   total 98304K, used 44053K [0x0000000704e00000, 0x0000000800000000)
  region size 2048K, 2 young (4096K), 2 survivors (4096K)
 Metaspace       used 34446K, committed 35072K, reserved 1114112K
  class space    used 4252K, committed 4544K, reserved 1048576K
}
Event: 932.062 GC heap before
{Heap before GC invocations=55 (full 0):
 garbage-first heap   total 98304K, used 82965K [0x0000000704e00000, 0x0000000800000000)
  region size 2048K, 22 young (45056K), 2 survivors (4096K)
 Metaspace       used 34705K, committed 35392K, reserved 1114112K
  class space    used 4286K, committed 4608K, reserved 1048576K
}
Event: 932.072 GC heap after
{Heap after GC invocations=56 (full 0):
 garbage-first heap   total 98304K, used 46387K [0x0000000704e00000, 0x0000000800000000)
  region size 2048K, 3 young (6144K), 3 survivors (6144K)
 Metaspace       used 34705K, committed 35392K, reserved 1114112K
  class space    used 4286K, committed 4608K, reserved 1048576K
}
Event: 973.559 GC heap before
{Heap before GC invocations=56 (full 0):
 garbage-first heap   total 98304K, used 81203K [0x0000000704e00000, 0x0000000800000000)
  region size 2048K, 21 young (43008K), 3 survivors (6144K)
 Metaspace       used 34831K, committed 35584K, reserved 1114112K
  class space    used 4300K, committed 4672K, reserved 1048576K
}
Event: 973.569 GC heap after
{Heap after GC invocations=57 (full 0):
 garbage-first heap   total 98304K, used 47837K [0x0000000704e00000, 0x0000000800000000)
  region size 2048K, 3 young (6144K), 3 survivors (6144K)
 Metaspace       used 34831K, committed 35584K, reserved 1114112K
  class space    used 4300K, committed 4672K, reserved 1048576K
}

